**************************************************
Launching PinAPL-Py v2.9
P. Spahn et al., UC San Diego (05/2019)
**************************************************


**************************************************
Running character sanity check ...
**************************************************
No special characters found.
Character sanity check completed.




**************************************************
Building library index ...
**************************************************
++++++++++++++++++++++++++++++++++++++++++++++++
Converting library to fasta format ...
Building library index ...
Building a SMALL index
------------------------------------------------
Script completed.
Time elapsed (Total) [secs]: 0.340

Library index completed.




**************************************************
Reading sample definition input ...
**************************************************
Found sample CD107a_positive_1
Found sample Control_1
Found sample CD107a_positive_2
Found sample Control_2
Found sample CD107a_positive_3
Found sample Control_3
Found sample CD107a_positive_4
Found sample Control_4
Found sample CD107a_positive_5
Found sample Control_5
Sample definition completed.




**************************************************
Running sequence quality control ...
**************************************************
Started analysis of BSSE_QGF_133972_000000000_CW7GF_1_HD124_CD107apositive_RPI2_ACATCG_S1_L001_R1_001_MM_1.fastq.gz
Approx 5% complete for BSSE_QGF_133972_000000000_CW7GF_1_HD124_CD107apositive_RPI2_ACATCG_S1_L001_R1_001_MM_1.fastq.gz
Approx 10% complete for BSSE_QGF_133972_000000000_CW7GF_1_HD124_CD107apositive_RPI2_ACATCG_S1_L001_R1_001_MM_1.fastq.gz
Approx 15% complete for BSSE_QGF_133972_000000000_CW7GF_1_HD124_CD107apositive_RPI2_ACATCG_S1_L001_R1_001_MM_1.fastq.gz
Approx 20% complete for BSSE_QGF_133972_000000000_CW7GF_1_HD124_CD107apositive_RPI2_ACATCG_S1_L001_R1_001_MM_1.fastq.gz
Approx 25% complete for BSSE_QGF_133972_000000000_CW7GF_1_HD124_CD107apositive_RPI2_ACATCG_S1_L001_R1_001_MM_1.fastq.gz
Approx 30% complete for BSSE_QGF_133972_000000000_CW7GF_1_HD124_CD107apositive_RPI2_ACATCG_S1_L001_R1_001_MM_1.fastq.gz
Approx 35% complete for BSSE_QGF_133972_000000000_CW7GF_1_HD124_CD107apositive_RPI2_ACATCG_S1_L001_R1_001_MM_1.fastq.gz
Approx 40% complete for BSSE_QGF_133972_000000000_CW7GF_1_HD124_CD107apositive_RPI2_ACATCG_S1_L001_R1_001_MM_1.fastq.gz
Approx 45% complete for BSSE_QGF_133972_000000000_CW7GF_1_HD124_CD107apositive_RPI2_ACATCG_S1_L001_R1_001_MM_1.fastq.gz
Approx 50% complete for BSSE_QGF_133972_000000000_CW7GF_1_HD124_CD107apositive_RPI2_ACATCG_S1_L001_R1_001_MM_1.fastq.gz
Approx 55% complete for BSSE_QGF_133972_000000000_CW7GF_1_HD124_CD107apositive_RPI2_ACATCG_S1_L001_R1_001_MM_1.fastq.gz
Approx 60% complete for BSSE_QGF_133972_000000000_CW7GF_1_HD124_CD107apositive_RPI2_ACATCG_S1_L001_R1_001_MM_1.fastq.gz
Approx 65% complete for BSSE_QGF_133972_000000000_CW7GF_1_HD124_CD107apositive_RPI2_ACATCG_S1_L001_R1_001_MM_1.fastq.gz
Approx 70% complete for BSSE_QGF_133972_000000000_CW7GF_1_HD124_CD107apositive_RPI2_ACATCG_S1_L001_R1_001_MM_1.fastq.gz
Approx 75% complete for BSSE_QGF_133972_000000000_CW7GF_1_HD124_CD107apositive_RPI2_ACATCG_S1_L001_R1_001_MM_1.fastq.gz
Approx 80% complete for BSSE_QGF_133972_000000000_CW7GF_1_HD124_CD107apositive_RPI2_ACATCG_S1_L001_R1_001_MM_1.fastq.gz
Approx 85% complete for BSSE_QGF_133972_000000000_CW7GF_1_HD124_CD107apositive_RPI2_ACATCG_S1_L001_R1_001_MM_1.fastq.gz
Approx 90% complete for BSSE_QGF_133972_000000000_CW7GF_1_HD124_CD107apositive_RPI2_ACATCG_S1_L001_R1_001_MM_1.fastq.gz
Approx 95% complete for BSSE_QGF_133972_000000000_CW7GF_1_HD124_CD107apositive_RPI2_ACATCG_S1_L001_R1_001_MM_1.fastq.gz
Analysis complete for BSSE_QGF_133972_000000000_CW7GF_1_HD124_CD107apositive_RPI2_ACATCG_S1_L001_R1_001_MM_1.fastq.gz
Started analysis of BSSE_QGF_133973_000000000_CW7GF_1_HD124_CD107anegative_RPI6_ATTGGC_S2_L001_R1_001_MM_1.fastq.gz
Approx 5% complete for BSSE_QGF_133973_000000000_CW7GF_1_HD124_CD107anegative_RPI6_ATTGGC_S2_L001_R1_001_MM_1.fastq.gz
Approx 10% complete for BSSE_QGF_133973_000000000_CW7GF_1_HD124_CD107anegative_RPI6_ATTGGC_S2_L001_R1_001_MM_1.fastq.gz
Approx 15% complete for BSSE_QGF_133973_000000000_CW7GF_1_HD124_CD107anegative_RPI6_ATTGGC_S2_L001_R1_001_MM_1.fastq.gz
Approx 20% complete for BSSE_QGF_133973_000000000_CW7GF_1_HD124_CD107anegative_RPI6_ATTGGC_S2_L001_R1_001_MM_1.fastq.gz
Approx 25% complete for BSSE_QGF_133973_000000000_CW7GF_1_HD124_CD107anegative_RPI6_ATTGGC_S2_L001_R1_001_MM_1.fastq.gz
Approx 30% complete for BSSE_QGF_133973_000000000_CW7GF_1_HD124_CD107anegative_RPI6_ATTGGC_S2_L001_R1_001_MM_1.fastq.gz
Approx 35% complete for BSSE_QGF_133973_000000000_CW7GF_1_HD124_CD107anegative_RPI6_ATTGGC_S2_L001_R1_001_MM_1.fastq.gz
Approx 40% complete for BSSE_QGF_133973_000000000_CW7GF_1_HD124_CD107anegative_RPI6_ATTGGC_S2_L001_R1_001_MM_1.fastq.gz
Approx 45% complete for BSSE_QGF_133973_000000000_CW7GF_1_HD124_CD107anegative_RPI6_ATTGGC_S2_L001_R1_001_MM_1.fastq.gz
Approx 50% complete for BSSE_QGF_133973_000000000_CW7GF_1_HD124_CD107anegative_RPI6_ATTGGC_S2_L001_R1_001_MM_1.fastq.gz
Approx 55% complete for BSSE_QGF_133973_000000000_CW7GF_1_HD124_CD107anegative_RPI6_ATTGGC_S2_L001_R1_001_MM_1.fastq.gz
Approx 60% complete for BSSE_QGF_133973_000000000_CW7GF_1_HD124_CD107anegative_RPI6_ATTGGC_S2_L001_R1_001_MM_1.fastq.gz
Approx 65% complete for BSSE_QGF_133973_000000000_CW7GF_1_HD124_CD107anegative_RPI6_ATTGGC_S2_L001_R1_001_MM_1.fastq.gz
Approx 70% complete for BSSE_QGF_133973_000000000_CW7GF_1_HD124_CD107anegative_RPI6_ATTGGC_S2_L001_R1_001_MM_1.fastq.gz
Approx 75% complete for BSSE_QGF_133973_000000000_CW7GF_1_HD124_CD107anegative_RPI6_ATTGGC_S2_L001_R1_001_MM_1.fastq.gz
Approx 80% complete for BSSE_QGF_133973_000000000_CW7GF_1_HD124_CD107anegative_RPI6_ATTGGC_S2_L001_R1_001_MM_1.fastq.gz
Approx 85% complete for BSSE_QGF_133973_000000000_CW7GF_1_HD124_CD107anegative_RPI6_ATTGGC_S2_L001_R1_001_MM_1.fastq.gz
Approx 90% complete for BSSE_QGF_133973_000000000_CW7GF_1_HD124_CD107anegative_RPI6_ATTGGC_S2_L001_R1_001_MM_1.fastq.gz
Approx 95% complete for BSSE_QGF_133973_000000000_CW7GF_1_HD124_CD107anegative_RPI6_ATTGGC_S2_L001_R1_001_MM_1.fastq.gz
Analysis complete for BSSE_QGF_133973_000000000_CW7GF_1_HD124_CD107anegative_RPI6_ATTGGC_S2_L001_R1_001_MM_1.fastq.gz
Started analysis of BSSE_QGF_117159_000000000_CC5PD_1_HD119_CD107apositive_RPI6_ATTGGC_S2_L001_R1_001_MM_1.fastq.gz
Approx 5% complete for BSSE_QGF_117159_000000000_CC5PD_1_HD119_CD107apositive_RPI6_ATTGGC_S2_L001_R1_001_MM_1.fastq.gz
Approx 10% complete for BSSE_QGF_117159_000000000_CC5PD_1_HD119_CD107apositive_RPI6_ATTGGC_S2_L001_R1_001_MM_1.fastq.gz
Approx 15% complete for BSSE_QGF_117159_000000000_CC5PD_1_HD119_CD107apositive_RPI6_ATTGGC_S2_L001_R1_001_MM_1.fastq.gz
Approx 20% complete for BSSE_QGF_117159_000000000_CC5PD_1_HD119_CD107apositive_RPI6_ATTGGC_S2_L001_R1_001_MM_1.fastq.gz
Approx 25% complete for BSSE_QGF_117159_000000000_CC5PD_1_HD119_CD107apositive_RPI6_ATTGGC_S2_L001_R1_001_MM_1.fastq.gz
Approx 30% complete for BSSE_QGF_117159_000000000_CC5PD_1_HD119_CD107apositive_RPI6_ATTGGC_S2_L001_R1_001_MM_1.fastq.gz
Approx 35% complete for BSSE_QGF_117159_000000000_CC5PD_1_HD119_CD107apositive_RPI6_ATTGGC_S2_L001_R1_001_MM_1.fastq.gz
Approx 40% complete for BSSE_QGF_117159_000000000_CC5PD_1_HD119_CD107apositive_RPI6_ATTGGC_S2_L001_R1_001_MM_1.fastq.gz
Approx 45% complete for BSSE_QGF_117159_000000000_CC5PD_1_HD119_CD107apositive_RPI6_ATTGGC_S2_L001_R1_001_MM_1.fastq.gz
Approx 50% complete for BSSE_QGF_117159_000000000_CC5PD_1_HD119_CD107apositive_RPI6_ATTGGC_S2_L001_R1_001_MM_1.fastq.gz
Approx 55% complete for BSSE_QGF_117159_000000000_CC5PD_1_HD119_CD107apositive_RPI6_ATTGGC_S2_L001_R1_001_MM_1.fastq.gz
Approx 60% complete for BSSE_QGF_117159_000000000_CC5PD_1_HD119_CD107apositive_RPI6_ATTGGC_S2_L001_R1_001_MM_1.fastq.gz
Approx 65% complete for BSSE_QGF_117159_000000000_CC5PD_1_HD119_CD107apositive_RPI6_ATTGGC_S2_L001_R1_001_MM_1.fastq.gz
Approx 70% complete for BSSE_QGF_117159_000000000_CC5PD_1_HD119_CD107apositive_RPI6_ATTGGC_S2_L001_R1_001_MM_1.fastq.gz
Approx 75% complete for BSSE_QGF_117159_000000000_CC5PD_1_HD119_CD107apositive_RPI6_ATTGGC_S2_L001_R1_001_MM_1.fastq.gz
Approx 80% complete for BSSE_QGF_117159_000000000_CC5PD_1_HD119_CD107apositive_RPI6_ATTGGC_S2_L001_R1_001_MM_1.fastq.gz
Approx 85% complete for BSSE_QGF_117159_000000000_CC5PD_1_HD119_CD107apositive_RPI6_ATTGGC_S2_L001_R1_001_MM_1.fastq.gz
Approx 90% complete for BSSE_QGF_117159_000000000_CC5PD_1_HD119_CD107apositive_RPI6_ATTGGC_S2_L001_R1_001_MM_1.fastq.gz
Approx 95% complete for BSSE_QGF_117159_000000000_CC5PD_1_HD119_CD107apositive_RPI6_ATTGGC_S2_L001_R1_001_MM_1.fastq.gz
Analysis complete for BSSE_QGF_117159_000000000_CC5PD_1_HD119_CD107apositive_RPI6_ATTGGC_S2_L001_R1_001_MM_1.fastq.gz
Started analysis of BSSE_QGF_117162_000000000_CC5PD_1_HD122_CD107apositive_RPI11_GTAGCC_S5_L001_R1_001_MM_1.fastq.gz
Approx 5% complete for BSSE_QGF_117162_000000000_CC5PD_1_HD122_CD107apositive_RPI11_GTAGCC_S5_L001_R1_001_MM_1.fastq.gz
Approx 10% complete for BSSE_QGF_117162_000000000_CC5PD_1_HD122_CD107apositive_RPI11_GTAGCC_S5_L001_R1_001_MM_1.fastq.gz
Approx 15% complete for BSSE_QGF_117162_000000000_CC5PD_1_HD122_CD107apositive_RPI11_GTAGCC_S5_L001_R1_001_MM_1.fastq.gz
Approx 20% complete for BSSE_QGF_117162_000000000_CC5PD_1_HD122_CD107apositive_RPI11_GTAGCC_S5_L001_R1_001_MM_1.fastq.gz
Approx 25% complete for BSSE_QGF_117162_000000000_CC5PD_1_HD122_CD107apositive_RPI11_GTAGCC_S5_L001_R1_001_MM_1.fastq.gz
Approx 30% complete for BSSE_QGF_117162_000000000_CC5PD_1_HD122_CD107apositive_RPI11_GTAGCC_S5_L001_R1_001_MM_1.fastq.gz
Approx 35% complete for BSSE_QGF_117162_000000000_CC5PD_1_HD122_CD107apositive_RPI11_GTAGCC_S5_L001_R1_001_MM_1.fastq.gz
Approx 40% complete for BSSE_QGF_117162_000000000_CC5PD_1_HD122_CD107apositive_RPI11_GTAGCC_S5_L001_R1_001_MM_1.fastq.gz
Approx 45% complete for BSSE_QGF_117162_000000000_CC5PD_1_HD122_CD107apositive_RPI11_GTAGCC_S5_L001_R1_001_MM_1.fastq.gz
Approx 50% complete for BSSE_QGF_117162_000000000_CC5PD_1_HD122_CD107apositive_RPI11_GTAGCC_S5_L001_R1_001_MM_1.fastq.gz
Approx 55% complete for BSSE_QGF_117162_000000000_CC5PD_1_HD122_CD107apositive_RPI11_GTAGCC_S5_L001_R1_001_MM_1.fastq.gz
Approx 60% complete for BSSE_QGF_117162_000000000_CC5PD_1_HD122_CD107apositive_RPI11_GTAGCC_S5_L001_R1_001_MM_1.fastq.gz
Approx 65% complete for BSSE_QGF_117162_000000000_CC5PD_1_HD122_CD107apositive_RPI11_GTAGCC_S5_L001_R1_001_MM_1.fastq.gz
Approx 70% complete for BSSE_QGF_117162_000000000_CC5PD_1_HD122_CD107apositive_RPI11_GTAGCC_S5_L001_R1_001_MM_1.fastq.gz
Approx 75% complete for BSSE_QGF_117162_000000000_CC5PD_1_HD122_CD107apositive_RPI11_GTAGCC_S5_L001_R1_001_MM_1.fastq.gz
Approx 80% complete for BSSE_QGF_117162_000000000_CC5PD_1_HD122_CD107apositive_RPI11_GTAGCC_S5_L001_R1_001_MM_1.fastq.gz
Approx 85% complete for BSSE_QGF_117162_000000000_CC5PD_1_HD122_CD107apositive_RPI11_GTAGCC_S5_L001_R1_001_MM_1.fastq.gz
Approx 90% complete for BSSE_QGF_117162_000000000_CC5PD_1_HD122_CD107apositive_RPI11_GTAGCC_S5_L001_R1_001_MM_1.fastq.gz
Approx 95% complete for BSSE_QGF_117162_000000000_CC5PD_1_HD122_CD107apositive_RPI11_GTAGCC_S5_L001_R1_001_MM_1.fastq.gz
Analysis complete for BSSE_QGF_117162_000000000_CC5PD_1_HD122_CD107apositive_RPI11_GTAGCC_S5_L001_R1_001_MM_1.fastq.gz
Started analysis of BSSE_QGF_133977_000000000_CW7GF_1_HD144_CD107anegative_RPI12_TACAAG_S6_L001_R1_001_MM_1.fastq.gz
Approx 5% complete for BSSE_QGF_133977_000000000_CW7GF_1_HD144_CD107anegative_RPI12_TACAAG_S6_L001_R1_001_MM_1.fastq.gz
Approx 10% complete for BSSE_QGF_133977_000000000_CW7GF_1_HD144_CD107anegative_RPI12_TACAAG_S6_L001_R1_001_MM_1.fastq.gz
Approx 15% complete for BSSE_QGF_133977_000000000_CW7GF_1_HD144_CD107anegative_RPI12_TACAAG_S6_L001_R1_001_MM_1.fastq.gz
Approx 20% complete for BSSE_QGF_133977_000000000_CW7GF_1_HD144_CD107anegative_RPI12_TACAAG_S6_L001_R1_001_MM_1.fastq.gz
Approx 25% complete for BSSE_QGF_133977_000000000_CW7GF_1_HD144_CD107anegative_RPI12_TACAAG_S6_L001_R1_001_MM_1.fastq.gz
Approx 30% complete for BSSE_QGF_133977_000000000_CW7GF_1_HD144_CD107anegative_RPI12_TACAAG_S6_L001_R1_001_MM_1.fastq.gz
Approx 35% complete for BSSE_QGF_133977_000000000_CW7GF_1_HD144_CD107anegative_RPI12_TACAAG_S6_L001_R1_001_MM_1.fastq.gz
Approx 40% complete for BSSE_QGF_133977_000000000_CW7GF_1_HD144_CD107anegative_RPI12_TACAAG_S6_L001_R1_001_MM_1.fastq.gz
Approx 45% complete for BSSE_QGF_133977_000000000_CW7GF_1_HD144_CD107anegative_RPI12_TACAAG_S6_L001_R1_001_MM_1.fastq.gz
Approx 50% complete for BSSE_QGF_133977_000000000_CW7GF_1_HD144_CD107anegative_RPI12_TACAAG_S6_L001_R1_001_MM_1.fastq.gz
Approx 55% complete for BSSE_QGF_133977_000000000_CW7GF_1_HD144_CD107anegative_RPI12_TACAAG_S6_L001_R1_001_MM_1.fastq.gz
Approx 60% complete for BSSE_QGF_133977_000000000_CW7GF_1_HD144_CD107anegative_RPI12_TACAAG_S6_L001_R1_001_MM_1.fastq.gz
Approx 65% complete for BSSE_QGF_133977_000000000_CW7GF_1_HD144_CD107anegative_RPI12_TACAAG_S6_L001_R1_001_MM_1.fastq.gz
Approx 70% complete for BSSE_QGF_133977_000000000_CW7GF_1_HD144_CD107anegative_RPI12_TACAAG_S6_L001_R1_001_MM_1.fastq.gz
Approx 75% complete for BSSE_QGF_133977_000000000_CW7GF_1_HD144_CD107anegative_RPI12_TACAAG_S6_L001_R1_001_MM_1.fastq.gz
Approx 80% complete for BSSE_QGF_133977_000000000_CW7GF_1_HD144_CD107anegative_RPI12_TACAAG_S6_L001_R1_001_MM_1.fastq.gz
Approx 85% complete for BSSE_QGF_133977_000000000_CW7GF_1_HD144_CD107anegative_RPI12_TACAAG_S6_L001_R1_001_MM_1.fastq.gz
Approx 90% complete for BSSE_QGF_133977_000000000_CW7GF_1_HD144_CD107anegative_RPI12_TACAAG_S6_L001_R1_001_MM_1.fastq.gz
Approx 95% complete for BSSE_QGF_133977_000000000_CW7GF_1_HD144_CD107anegative_RPI12_TACAAG_S6_L001_R1_001_MM_1.fastq.gz
Analysis complete for BSSE_QGF_133977_000000000_CW7GF_1_HD144_CD107anegative_RPI12_TACAAG_S6_L001_R1_001_MM_1.fastq.gz
Started analysis of BSSE_QGF_133975_000000000_CW7GF_1_HD141_CD107anegative_RPI10_AAGCTA_S4_L001_R1_001_MM_1.fastq.gz
Approx 5% complete for BSSE_QGF_133975_000000000_CW7GF_1_HD141_CD107anegative_RPI10_AAGCTA_S4_L001_R1_001_MM_1.fastq.gz
Approx 10% complete for BSSE_QGF_133975_000000000_CW7GF_1_HD141_CD107anegative_RPI10_AAGCTA_S4_L001_R1_001_MM_1.fastq.gz
Approx 15% complete for BSSE_QGF_133975_000000000_CW7GF_1_HD141_CD107anegative_RPI10_AAGCTA_S4_L001_R1_001_MM_1.fastq.gz
Approx 20% complete for BSSE_QGF_133975_000000000_CW7GF_1_HD141_CD107anegative_RPI10_AAGCTA_S4_L001_R1_001_MM_1.fastq.gz
Approx 25% complete for BSSE_QGF_133975_000000000_CW7GF_1_HD141_CD107anegative_RPI10_AAGCTA_S4_L001_R1_001_MM_1.fastq.gz
Approx 30% complete for BSSE_QGF_133975_000000000_CW7GF_1_HD141_CD107anegative_RPI10_AAGCTA_S4_L001_R1_001_MM_1.fastq.gz
Approx 35% complete for BSSE_QGF_133975_000000000_CW7GF_1_HD141_CD107anegative_RPI10_AAGCTA_S4_L001_R1_001_MM_1.fastq.gz
Approx 40% complete for BSSE_QGF_133975_000000000_CW7GF_1_HD141_CD107anegative_RPI10_AAGCTA_S4_L001_R1_001_MM_1.fastq.gz
Approx 45% complete for BSSE_QGF_133975_000000000_CW7GF_1_HD141_CD107anegative_RPI10_AAGCTA_S4_L001_R1_001_MM_1.fastq.gz
Approx 50% complete for BSSE_QGF_133975_000000000_CW7GF_1_HD141_CD107anegative_RPI10_AAGCTA_S4_L001_R1_001_MM_1.fastq.gz
Approx 55% complete for BSSE_QGF_133975_000000000_CW7GF_1_HD141_CD107anegative_RPI10_AAGCTA_S4_L001_R1_001_MM_1.fastq.gz
Approx 60% complete for BSSE_QGF_133975_000000000_CW7GF_1_HD141_CD107anegative_RPI10_AAGCTA_S4_L001_R1_001_MM_1.fastq.gz
Approx 65% complete for BSSE_QGF_133975_000000000_CW7GF_1_HD141_CD107anegative_RPI10_AAGCTA_S4_L001_R1_001_MM_1.fastq.gz
Approx 70% complete for BSSE_QGF_133975_000000000_CW7GF_1_HD141_CD107anegative_RPI10_AAGCTA_S4_L001_R1_001_MM_1.fastq.gz
Approx 75% complete for BSSE_QGF_133975_000000000_CW7GF_1_HD141_CD107anegative_RPI10_AAGCTA_S4_L001_R1_001_MM_1.fastq.gz
Approx 80% complete for BSSE_QGF_133975_000000000_CW7GF_1_HD141_CD107anegative_RPI10_AAGCTA_S4_L001_R1_001_MM_1.fastq.gz
Approx 85% complete for BSSE_QGF_133975_000000000_CW7GF_1_HD141_CD107anegative_RPI10_AAGCTA_S4_L001_R1_001_MM_1.fastq.gz
Approx 90% complete for BSSE_QGF_133975_000000000_CW7GF_1_HD141_CD107anegative_RPI10_AAGCTA_S4_L001_R1_001_MM_1.fastq.gz
Approx 95% complete for BSSE_QGF_133975_000000000_CW7GF_1_HD141_CD107anegative_RPI10_AAGCTA_S4_L001_R1_001_MM_1.fastq.gz
Analysis complete for BSSE_QGF_133975_000000000_CW7GF_1_HD141_CD107anegative_RPI10_AAGCTA_S4_L001_R1_001_MM_1.fastq.gz
Started analysis of BSSE_QGF_133976_000000000_CW7GF_1_HD144_CD107apositive_RPI11_GTAGCC_S5_L001_R1_001_MM_1.fastq.gz
Approx 5% complete for BSSE_QGF_133976_000000000_CW7GF_1_HD144_CD107apositive_RPI11_GTAGCC_S5_L001_R1_001_MM_1.fastq.gz
Approx 10% complete for BSSE_QGF_133976_000000000_CW7GF_1_HD144_CD107apositive_RPI11_GTAGCC_S5_L001_R1_001_MM_1.fastq.gz
Approx 15% complete for BSSE_QGF_133976_000000000_CW7GF_1_HD144_CD107apositive_RPI11_GTAGCC_S5_L001_R1_001_MM_1.fastq.gz
Approx 20% complete for BSSE_QGF_133976_000000000_CW7GF_1_HD144_CD107apositive_RPI11_GTAGCC_S5_L001_R1_001_MM_1.fastq.gz
Approx 25% complete for BSSE_QGF_133976_000000000_CW7GF_1_HD144_CD107apositive_RPI11_GTAGCC_S5_L001_R1_001_MM_1.fastq.gz
Approx 30% complete for BSSE_QGF_133976_000000000_CW7GF_1_HD144_CD107apositive_RPI11_GTAGCC_S5_L001_R1_001_MM_1.fastq.gz
Approx 35% complete for BSSE_QGF_133976_000000000_CW7GF_1_HD144_CD107apositive_RPI11_GTAGCC_S5_L001_R1_001_MM_1.fastq.gz
Approx 40% complete for BSSE_QGF_133976_000000000_CW7GF_1_HD144_CD107apositive_RPI11_GTAGCC_S5_L001_R1_001_MM_1.fastq.gz
Approx 45% complete for BSSE_QGF_133976_000000000_CW7GF_1_HD144_CD107apositive_RPI11_GTAGCC_S5_L001_R1_001_MM_1.fastq.gz
Approx 50% complete for BSSE_QGF_133976_000000000_CW7GF_1_HD144_CD107apositive_RPI11_GTAGCC_S5_L001_R1_001_MM_1.fastq.gz
Approx 55% complete for BSSE_QGF_133976_000000000_CW7GF_1_HD144_CD107apositive_RPI11_GTAGCC_S5_L001_R1_001_MM_1.fastq.gz
Approx 60% complete for BSSE_QGF_133976_000000000_CW7GF_1_HD144_CD107apositive_RPI11_GTAGCC_S5_L001_R1_001_MM_1.fastq.gz
Approx 65% complete for BSSE_QGF_133976_000000000_CW7GF_1_HD144_CD107apositive_RPI11_GTAGCC_S5_L001_R1_001_MM_1.fastq.gz
Approx 70% complete for BSSE_QGF_133976_000000000_CW7GF_1_HD144_CD107apositive_RPI11_GTAGCC_S5_L001_R1_001_MM_1.fastq.gz
Approx 75% complete for BSSE_QGF_133976_000000000_CW7GF_1_HD144_CD107apositive_RPI11_GTAGCC_S5_L001_R1_001_MM_1.fastq.gz
Approx 80% complete for BSSE_QGF_133976_000000000_CW7GF_1_HD144_CD107apositive_RPI11_GTAGCC_S5_L001_R1_001_MM_1.fastq.gz
Approx 85% complete for BSSE_QGF_133976_000000000_CW7GF_1_HD144_CD107apositive_RPI11_GTAGCC_S5_L001_R1_001_MM_1.fastq.gz
Approx 90% complete for BSSE_QGF_133976_000000000_CW7GF_1_HD144_CD107apositive_RPI11_GTAGCC_S5_L001_R1_001_MM_1.fastq.gz
Approx 95% complete for BSSE_QGF_133976_000000000_CW7GF_1_HD144_CD107apositive_RPI11_GTAGCC_S5_L001_R1_001_MM_1.fastq.gz
Analysis complete for BSSE_QGF_133976_000000000_CW7GF_1_HD144_CD107apositive_RPI11_GTAGCC_S5_L001_R1_001_MM_1.fastq.gz
Started analysis of BSSE_QGF_117160_000000000_CC5PD_1_HD119_CD107anegative_RPI9_CTGATC_S3_L001_R1_001_MM_1.fastq.gz
Approx 5% complete for BSSE_QGF_117160_000000000_CC5PD_1_HD119_CD107anegative_RPI9_CTGATC_S3_L001_R1_001_MM_1.fastq.gz
Approx 10% complete for BSSE_QGF_117160_000000000_CC5PD_1_HD119_CD107anegative_RPI9_CTGATC_S3_L001_R1_001_MM_1.fastq.gz
Approx 15% complete for BSSE_QGF_117160_000000000_CC5PD_1_HD119_CD107anegative_RPI9_CTGATC_S3_L001_R1_001_MM_1.fastq.gz
Approx 20% complete for BSSE_QGF_117160_000000000_CC5PD_1_HD119_CD107anegative_RPI9_CTGATC_S3_L001_R1_001_MM_1.fastq.gz
Approx 25% complete for BSSE_QGF_117160_000000000_CC5PD_1_HD119_CD107anegative_RPI9_CTGATC_S3_L001_R1_001_MM_1.fastq.gz
Approx 30% complete for BSSE_QGF_117160_000000000_CC5PD_1_HD119_CD107anegative_RPI9_CTGATC_S3_L001_R1_001_MM_1.fastq.gz
Approx 35% complete for BSSE_QGF_117160_000000000_CC5PD_1_HD119_CD107anegative_RPI9_CTGATC_S3_L001_R1_001_MM_1.fastq.gz
Approx 40% complete for BSSE_QGF_117160_000000000_CC5PD_1_HD119_CD107anegative_RPI9_CTGATC_S3_L001_R1_001_MM_1.fastq.gz
Approx 45% complete for BSSE_QGF_117160_000000000_CC5PD_1_HD119_CD107anegative_RPI9_CTGATC_S3_L001_R1_001_MM_1.fastq.gz
Approx 50% complete for BSSE_QGF_117160_000000000_CC5PD_1_HD119_CD107anegative_RPI9_CTGATC_S3_L001_R1_001_MM_1.fastq.gz
Approx 55% complete for BSSE_QGF_117160_000000000_CC5PD_1_HD119_CD107anegative_RPI9_CTGATC_S3_L001_R1_001_MM_1.fastq.gz
Approx 60% complete for BSSE_QGF_117160_000000000_CC5PD_1_HD119_CD107anegative_RPI9_CTGATC_S3_L001_R1_001_MM_1.fastq.gz
Approx 65% complete for BSSE_QGF_117160_000000000_CC5PD_1_HD119_CD107anegative_RPI9_CTGATC_S3_L001_R1_001_MM_1.fastq.gz
Approx 70% complete for BSSE_QGF_117160_000000000_CC5PD_1_HD119_CD107anegative_RPI9_CTGATC_S3_L001_R1_001_MM_1.fastq.gz
Approx 75% complete for BSSE_QGF_117160_000000000_CC5PD_1_HD119_CD107anegative_RPI9_CTGATC_S3_L001_R1_001_MM_1.fastq.gz
Approx 80% complete for BSSE_QGF_117160_000000000_CC5PD_1_HD119_CD107anegative_RPI9_CTGATC_S3_L001_R1_001_MM_1.fastq.gz
Approx 85% complete for BSSE_QGF_117160_000000000_CC5PD_1_HD119_CD107anegative_RPI9_CTGATC_S3_L001_R1_001_MM_1.fastq.gz
Approx 90% complete for BSSE_QGF_117160_000000000_CC5PD_1_HD119_CD107anegative_RPI9_CTGATC_S3_L001_R1_001_MM_1.fastq.gz
Approx 95% complete for BSSE_QGF_117160_000000000_CC5PD_1_HD119_CD107anegative_RPI9_CTGATC_S3_L001_R1_001_MM_1.fastq.gz
Analysis complete for BSSE_QGF_117160_000000000_CC5PD_1_HD119_CD107anegative_RPI9_CTGATC_S3_L001_R1_001_MM_1.fastq.gz
Started analysis of BSSE_QGF_117163_000000000_CC5PD_1_HD122_CD107anegative_RPI12_TACAAG_S6_L001_R1_001_MM_1.fastq.gz
Approx 5% complete for BSSE_QGF_117163_000000000_CC5PD_1_HD122_CD107anegative_RPI12_TACAAG_S6_L001_R1_001_MM_1.fastq.gz
Approx 10% complete for BSSE_QGF_117163_000000000_CC5PD_1_HD122_CD107anegative_RPI12_TACAAG_S6_L001_R1_001_MM_1.fastq.gz
Approx 15% complete for BSSE_QGF_117163_000000000_CC5PD_1_HD122_CD107anegative_RPI12_TACAAG_S6_L001_R1_001_MM_1.fastq.gz
Approx 20% complete for BSSE_QGF_117163_000000000_CC5PD_1_HD122_CD107anegative_RPI12_TACAAG_S6_L001_R1_001_MM_1.fastq.gz
Approx 25% complete for BSSE_QGF_117163_000000000_CC5PD_1_HD122_CD107anegative_RPI12_TACAAG_S6_L001_R1_001_MM_1.fastq.gz
Approx 30% complete for BSSE_QGF_117163_000000000_CC5PD_1_HD122_CD107anegative_RPI12_TACAAG_S6_L001_R1_001_MM_1.fastq.gz
Approx 35% complete for BSSE_QGF_117163_000000000_CC5PD_1_HD122_CD107anegative_RPI12_TACAAG_S6_L001_R1_001_MM_1.fastq.gz
Approx 40% complete for BSSE_QGF_117163_000000000_CC5PD_1_HD122_CD107anegative_RPI12_TACAAG_S6_L001_R1_001_MM_1.fastq.gz
Approx 45% complete for BSSE_QGF_117163_000000000_CC5PD_1_HD122_CD107anegative_RPI12_TACAAG_S6_L001_R1_001_MM_1.fastq.gz
Approx 50% complete for BSSE_QGF_117163_000000000_CC5PD_1_HD122_CD107anegative_RPI12_TACAAG_S6_L001_R1_001_MM_1.fastq.gz
Approx 55% complete for BSSE_QGF_117163_000000000_CC5PD_1_HD122_CD107anegative_RPI12_TACAAG_S6_L001_R1_001_MM_1.fastq.gz
Approx 60% complete for BSSE_QGF_117163_000000000_CC5PD_1_HD122_CD107anegative_RPI12_TACAAG_S6_L001_R1_001_MM_1.fastq.gz
Approx 65% complete for BSSE_QGF_117163_000000000_CC5PD_1_HD122_CD107anegative_RPI12_TACAAG_S6_L001_R1_001_MM_1.fastq.gz
Approx 70% complete for BSSE_QGF_117163_000000000_CC5PD_1_HD122_CD107anegative_RPI12_TACAAG_S6_L001_R1_001_MM_1.fastq.gz
Approx 75% complete for BSSE_QGF_117163_000000000_CC5PD_1_HD122_CD107anegative_RPI12_TACAAG_S6_L001_R1_001_MM_1.fastq.gz
Approx 80% complete for BSSE_QGF_117163_000000000_CC5PD_1_HD122_CD107anegative_RPI12_TACAAG_S6_L001_R1_001_MM_1.fastq.gz
Approx 85% complete for BSSE_QGF_117163_000000000_CC5PD_1_HD122_CD107anegative_RPI12_TACAAG_S6_L001_R1_001_MM_1.fastq.gz
Approx 90% complete for BSSE_QGF_117163_000000000_CC5PD_1_HD122_CD107anegative_RPI12_TACAAG_S6_L001_R1_001_MM_1.fastq.gz
Approx 95% complete for BSSE_QGF_117163_000000000_CC5PD_1_HD122_CD107anegative_RPI12_TACAAG_S6_L001_R1_001_MM_1.fastq.gz
Analysis complete for BSSE_QGF_117163_000000000_CC5PD_1_HD122_CD107anegative_RPI12_TACAAG_S6_L001_R1_001_MM_1.fastq.gz
Started analysis of BSSE_QGF_133974_000000000_CW7GF_1_HD141_CD107apositive_RPI9_CTGATC_S3_L001_R1_001_MM_1.fastq.gz
Approx 5% complete for BSSE_QGF_133974_000000000_CW7GF_1_HD141_CD107apositive_RPI9_CTGATC_S3_L001_R1_001_MM_1.fastq.gz
Approx 10% complete for BSSE_QGF_133974_000000000_CW7GF_1_HD141_CD107apositive_RPI9_CTGATC_S3_L001_R1_001_MM_1.fastq.gz
Approx 15% complete for BSSE_QGF_133974_000000000_CW7GF_1_HD141_CD107apositive_RPI9_CTGATC_S3_L001_R1_001_MM_1.fastq.gz
Approx 20% complete for BSSE_QGF_133974_000000000_CW7GF_1_HD141_CD107apositive_RPI9_CTGATC_S3_L001_R1_001_MM_1.fastq.gz
Approx 25% complete for BSSE_QGF_133974_000000000_CW7GF_1_HD141_CD107apositive_RPI9_CTGATC_S3_L001_R1_001_MM_1.fastq.gz
Approx 30% complete for BSSE_QGF_133974_000000000_CW7GF_1_HD141_CD107apositive_RPI9_CTGATC_S3_L001_R1_001_MM_1.fastq.gz
Approx 35% complete for BSSE_QGF_133974_000000000_CW7GF_1_HD141_CD107apositive_RPI9_CTGATC_S3_L001_R1_001_MM_1.fastq.gz
Approx 40% complete for BSSE_QGF_133974_000000000_CW7GF_1_HD141_CD107apositive_RPI9_CTGATC_S3_L001_R1_001_MM_1.fastq.gz
Approx 45% complete for BSSE_QGF_133974_000000000_CW7GF_1_HD141_CD107apositive_RPI9_CTGATC_S3_L001_R1_001_MM_1.fastq.gz
Approx 50% complete for BSSE_QGF_133974_000000000_CW7GF_1_HD141_CD107apositive_RPI9_CTGATC_S3_L001_R1_001_MM_1.fastq.gz
Approx 55% complete for BSSE_QGF_133974_000000000_CW7GF_1_HD141_CD107apositive_RPI9_CTGATC_S3_L001_R1_001_MM_1.fastq.gz
Approx 60% complete for BSSE_QGF_133974_000000000_CW7GF_1_HD141_CD107apositive_RPI9_CTGATC_S3_L001_R1_001_MM_1.fastq.gz
Approx 65% complete for BSSE_QGF_133974_000000000_CW7GF_1_HD141_CD107apositive_RPI9_CTGATC_S3_L001_R1_001_MM_1.fastq.gz
Approx 70% complete for BSSE_QGF_133974_000000000_CW7GF_1_HD141_CD107apositive_RPI9_CTGATC_S3_L001_R1_001_MM_1.fastq.gz
Approx 75% complete for BSSE_QGF_133974_000000000_CW7GF_1_HD141_CD107apositive_RPI9_CTGATC_S3_L001_R1_001_MM_1.fastq.gz
Approx 80% complete for BSSE_QGF_133974_000000000_CW7GF_1_HD141_CD107apositive_RPI9_CTGATC_S3_L001_R1_001_MM_1.fastq.gz
Approx 85% complete for BSSE_QGF_133974_000000000_CW7GF_1_HD141_CD107apositive_RPI9_CTGATC_S3_L001_R1_001_MM_1.fastq.gz
Approx 90% complete for BSSE_QGF_133974_000000000_CW7GF_1_HD141_CD107apositive_RPI9_CTGATC_S3_L001_R1_001_MM_1.fastq.gz
Approx 95% complete for BSSE_QGF_133974_000000000_CW7GF_1_HD141_CD107apositive_RPI9_CTGATC_S3_L001_R1_001_MM_1.fastq.gz
Analysis complete for BSSE_QGF_133974_000000000_CW7GF_1_HD141_CD107apositive_RPI9_CTGATC_S3_L001_R1_001_MM_1.fastq.gz
------------------------------------------------
Script completed.
Time elapsed (Quality control) [mins]: 4.648

Sequence quality control completed.




**************************************************
Trimming reads ...
**************************************************
Loading BSSE_QGF_133972_000000000_CW7GF_1_HD124_CD107apositive_RPI2_ACATCG_S1_L001_R1_001_MM_1.fastq.gz
Loading BSSE_QGF_133973_000000000_CW7GF_1_HD124_CD107anegative_RPI6_ATTGGC_S2_L001_R1_001_MM_1.fastq.gz
Loading BSSE_QGF_117159_000000000_CC5PD_1_HD119_CD107apositive_RPI6_ATTGGC_S2_L001_R1_001_MM_1.fastq.gz
Loading BSSE_QGF_117162_000000000_CC5PD_1_HD122_CD107apositive_RPI11_GTAGCC_S5_L001_R1_001_MM_1.fastq.gz
Loading BSSE_QGF_133977_000000000_CW7GF_1_HD144_CD107anegative_RPI12_TACAAG_S6_L001_R1_001_MM_1.fastq.gz
Loading BSSE_QGF_133975_000000000_CW7GF_1_HD141_CD107anegative_RPI10_AAGCTA_S4_L001_R1_001_MM_1.fastq.gz
Loading BSSE_QGF_133976_000000000_CW7GF_1_HD144_CD107apositive_RPI11_GTAGCC_S5_L001_R1_001_MM_1.fastq.gz
Loading BSSE_QGF_117160_000000000_CC5PD_1_HD119_CD107anegative_RPI9_CTGATC_S3_L001_R1_001_MM_1.fastq.gz
Loading BSSE_QGF_117163_000000000_CC5PD_1_HD122_CD107anegative_RPI12_TACAAG_S6_L001_R1_001_MM_1.fastq.gz
Loading BSSE_QGF_133974_000000000_CW7GF_1_HD141_CD107apositive_RPI9_CTGATC_S3_L001_R1_001_MM_1.fastq.gz
Removing adapters ...
Extracting 20 bp sgRNA sequences ...
Adapter removal completed.
Writing logfiles...
------------------------------------------------
Script completed.
Time elapsed (Read trimming) [mins]: 1.551

Read trimming completed.




**************************************************
Mapping reads to library ...
**************************************************
Processing sample CD107a_positive_1 ... 
++++++++++++++++++++++++++++++++++++++++++++++++
Aligning reads to library ...
1335295 reads; of these:
  1335295 (100.00%) were unpaired; of these:
    169397 (12.69%) aligned 0 times
    1165898 (87.31%) aligned exactly 1 time
    0 (0.00%) aligned >1 times
87.31% overall alignment rate
Alignment completed.
Time elapsed (Alignment) [secs]: 12.483
------------------------------------------------
Script completed.
Time elapsed (Total) [secs]: 12.525

Processing sample Control_1 ... 
++++++++++++++++++++++++++++++++++++++++++++++++
Aligning reads to library ...
1096610 reads; of these:
  1096610 (100.00%) were unpaired; of these:
    92778 (8.46%) aligned 0 times
    1003832 (91.54%) aligned exactly 1 time
    0 (0.00%) aligned >1 times
91.54% overall alignment rate
Alignment completed.
Time elapsed (Alignment) [secs]: 10.740
------------------------------------------------
Script completed.
Time elapsed (Total) [secs]: 10.783

Processing sample CD107a_positive_2 ... 
++++++++++++++++++++++++++++++++++++++++++++++++
Aligning reads to library ...
1122054 reads; of these:
  1122054 (100.00%) were unpaired; of these:
    81567 (7.27%) aligned 0 times
    1040487 (92.73%) aligned exactly 1 time
    0 (0.00%) aligned >1 times
92.73% overall alignment rate
Alignment completed.
Time elapsed (Alignment) [secs]: 11.707
------------------------------------------------
Script completed.
Time elapsed (Total) [secs]: 11.752

Processing sample Control_2 ... 
++++++++++++++++++++++++++++++++++++++++++++++++
Aligning reads to library ...
1078850 reads; of these:
  1078850 (100.00%) were unpaired; of these:
    83660 (7.75%) aligned 0 times
    995190 (92.25%) aligned exactly 1 time
    0 (0.00%) aligned >1 times
92.25% overall alignment rate
Alignment completed.
Time elapsed (Alignment) [secs]: 11.064
------------------------------------------------
Script completed.
Time elapsed (Total) [secs]: 11.106

Processing sample CD107a_positive_3 ... 
++++++++++++++++++++++++++++++++++++++++++++++++
Aligning reads to library ...
2200071 reads; of these:
  2200071 (100.00%) were unpaired; of these:
    350060 (15.91%) aligned 0 times
    1850009 (84.09%) aligned exactly 1 time
    2 (0.00%) aligned >1 times
84.09% overall alignment rate
Alignment completed.
Time elapsed (Alignment) [secs]: 19.727
------------------------------------------------
Script completed.
Time elapsed (Total) [secs]: 19.769

Processing sample Control_3 ... 
++++++++++++++++++++++++++++++++++++++++++++++++
Aligning reads to library ...
2357626 reads; of these:
  2357626 (100.00%) were unpaired; of these:
    288122 (12.22%) aligned 0 times
    2069500 (87.78%) aligned exactly 1 time
    4 (0.00%) aligned >1 times
87.78% overall alignment rate
Alignment completed.
Time elapsed (Alignment) [secs]: 23.581
------------------------------------------------
Script completed.
Time elapsed (Total) [secs]: 23.626

Processing sample CD107a_positive_4 ... 
++++++++++++++++++++++++++++++++++++++++++++++++
Aligning reads to library ...
2424235 reads; of these:
  2424235 (100.00%) were unpaired; of these:
    398113 (16.42%) aligned 0 times
    2026116 (83.58%) aligned exactly 1 time
    6 (0.00%) aligned >1 times
83.58% overall alignment rate
Alignment completed.
Time elapsed (Alignment) [secs]: 23.309
------------------------------------------------
Script completed.
Time elapsed (Total) [secs]: 23.351

Processing sample Control_4 ... 
++++++++++++++++++++++++++++++++++++++++++++++++
Aligning reads to library ...
1761729 reads; of these:
  1761729 (100.00%) were unpaired; of these:
    220762 (12.53%) aligned 0 times
    1540947 (87.47%) aligned exactly 1 time
    20 (0.00%) aligned >1 times
87.47% overall alignment rate
Alignment completed.
Time elapsed (Alignment) [secs]: 16.343
------------------------------------------------
Script completed.
Time elapsed (Total) [secs]: 16.386

Processing sample CD107a_positive_5 ... 
++++++++++++++++++++++++++++++++++++++++++++++++
Aligning reads to library ...
2739928 reads; of these:
  2739928 (100.00%) were unpaired; of these:
    334101 (12.19%) aligned 0 times
    2405824 (87.81%) aligned exactly 1 time
    3 (0.00%) aligned >1 times
87.81% overall alignment rate
Alignment completed.
Time elapsed (Alignment) [secs]: 25.746
------------------------------------------------
Script completed.
Time elapsed (Total) [secs]: 25.788

Processing sample Control_5 ... 
++++++++++++++++++++++++++++++++++++++++++++++++
Aligning reads to library ...
2590372 reads; of these:
  2590372 (100.00%) were unpaired; of these:
    318659 (12.30%) aligned 0 times
    2271708 (87.70%) aligned exactly 1 time
    5 (0.00%) aligned >1 times
87.70% overall alignment rate
Alignment completed.
Time elapsed (Alignment) [secs]: 24.422
------------------------------------------------
Script completed.
Time elapsed (Total) [secs]: 24.473

Read alignments completed.




**************************************************
Collecting read counts ...
**************************************************
Processing sample CD107a_positive_1 ... 
++++++++++++++++++++++++++++++++++++++++++++++++
Loading alignment ...
Applying matching threshold ...
Applying ambiguity threshold ...
*** Successfully mapped reads: 1083871 (81.2%) ***
Writing alignment logfile ...
Plotting mapping quality ...
Plotting alignment scores ...
------------------------------------------------
Script completed.
Time elapsed [secs]: 7.449

Processing sample Control_1 ... 
++++++++++++++++++++++++++++++++++++++++++++++++
Loading alignment ...
Applying matching threshold ...
Applying ambiguity threshold ...
*** Successfully mapped reads: 927502 (84.6%) ***
Writing alignment logfile ...
Plotting mapping quality ...
Plotting alignment scores ...
------------------------------------------------
Script completed.
Time elapsed [secs]: 6.266

Processing sample CD107a_positive_2 ... 
++++++++++++++++++++++++++++++++++++++++++++++++
Loading alignment ...
Applying matching threshold ...
Applying ambiguity threshold ...
*** Successfully mapped reads: 960195 (85.6%) ***
Writing alignment logfile ...
Plotting mapping quality ...
Plotting alignment scores ...
------------------------------------------------
Script completed.
Time elapsed [secs]: 6.474

Processing sample Control_2 ... 
++++++++++++++++++++++++++++++++++++++++++++++++
Loading alignment ...
Applying matching threshold ...
Applying ambiguity threshold ...
*** Successfully mapped reads: 916744 (85.0%) ***
Writing alignment logfile ...
Plotting mapping quality ...
Plotting alignment scores ...
------------------------------------------------
Script completed.
Time elapsed [secs]: 6.114

Processing sample CD107a_positive_3 ... 
++++++++++++++++++++++++++++++++++++++++++++++++
Loading alignment ...
Applying matching threshold ...
Applying ambiguity threshold ...
*** Successfully mapped reads: 1681952 (76.4%) ***
Writing alignment logfile ...
Plotting mapping quality ...
Plotting alignment scores ...
------------------------------------------------
Script completed.
Time elapsed [secs]: 11.113

Processing sample Control_3 ... 
++++++++++++++++++++++++++++++++++++++++++++++++
Loading alignment ...
Applying matching threshold ...
Applying ambiguity threshold ...
*** Successfully mapped reads: 1871462 (79.4%) ***
Writing alignment logfile ...
Plotting mapping quality ...
Plotting alignment scores ...
------------------------------------------------
Script completed.
Time elapsed [secs]: 12.200

Processing sample CD107a_positive_4 ... 
++++++++++++++++++++++++++++++++++++++++++++++++
Loading alignment ...
Applying matching threshold ...
Applying ambiguity threshold ...
*** Successfully mapped reads: 1838210 (75.8%) ***
Writing alignment logfile ...
Plotting mapping quality ...
Plotting alignment scores ...
------------------------------------------------
Script completed.
Time elapsed [secs]: 11.902

Processing sample Control_4 ... 
++++++++++++++++++++++++++++++++++++++++++++++++
Loading alignment ...
Applying matching threshold ...
Applying ambiguity threshold ...
*** Successfully mapped reads: 1400635 (79.5%) ***
Writing alignment logfile ...
Plotting mapping quality ...
Plotting alignment scores ...
------------------------------------------------
Script completed.
Time elapsed [secs]: 9.302

Processing sample CD107a_positive_5 ... 
++++++++++++++++++++++++++++++++++++++++++++++++
Loading alignment ...
Applying matching threshold ...
Applying ambiguity threshold ...
*** Successfully mapped reads: 2159703 (78.8%) ***
Writing alignment logfile ...
Plotting mapping quality ...
Plotting alignment scores ...
------------------------------------------------
Script completed.
Time elapsed [secs]: 13.685

Processing sample Control_5 ... 
++++++++++++++++++++++++++++++++++++++++++++++++
Loading alignment ...
Applying matching threshold ...
Applying ambiguity threshold ...
*** Successfully mapped reads: 2046879 (79.0%) ***
Writing alignment logfile ...
Plotting mapping quality ...
Plotting alignment scores ...
------------------------------------------------
Script completed.
Time elapsed [secs]: 13.523

Read count acquisition completed.




**************************************************
Clearing temporary alignment files ...
**************************************************
Removing raw alignment output...
Time elapsed [secs]: 0.918
Alignment output processing completed.




**************************************************
Averaging read counts over replicates ...
**************************************************
Processing Control ...
Averaging read counts over 5 replicates ...
------------------------------------------------
Script completed.
Time elapsed [secs]: 0.055

Processing CD107a_positive ...
Averaging read counts over 5 replicates ...
------------------------------------------------
Script completed.
Time elapsed [secs]: 0.056

Read count averaging completed.




**************************************************
Normalizing read counts ...
**************************************************
++++++++++++++++++++++++++++++++++++++++++++++++
Normalizing to counts per million reads ...
Processing file CD107a_positive_1_GuideCounts.txt ...
Processing file Control_1_GuideCounts.txt ...
Processing file CD107a_positive_2_GuideCounts.txt ...
Processing file Control_2_GuideCounts.txt ...
Processing file CD107a_positive_3_GuideCounts.txt ...
Processing file Control_3_GuideCounts.txt ...
Processing file CD107a_positive_4_GuideCounts.txt ...
Processing file Control_4_GuideCounts.txt ...
Processing file CD107a_positive_5_GuideCounts.txt ...
Processing file Control_5_GuideCounts.txt ...
Processing file Control_avg_GuideCounts.txt ...
Processing file CD107a_positive_avg_GuideCounts.txt ...
Processing file CD107a_positive_1_GeneCounts.txt ...
Processing file Control_1_GeneCounts.txt ...
Processing file CD107a_positive_2_GeneCounts.txt ...
Processing file Control_2_GeneCounts.txt ...
Processing file CD107a_positive_3_GeneCounts.txt ...
Processing file Control_3_GeneCounts.txt ...
Processing file CD107a_positive_4_GeneCounts.txt ...
Processing file Control_4_GeneCounts.txt ...
Processing file CD107a_positive_5_GeneCounts.txt ...
Processing file Control_5_GeneCounts.txt ...
Processing file Control_avg_GeneCounts.txt ...
Processing file CD107a_positive_avg_GeneCounts.txt ...
------------------------------------------------
Script completed.
Time elapsed (Total) [secs]: 0.136

Read count normalization completed.




**************************************************
Analyzing sgRNA read count distribution ...
**************************************************
Processing sample CD107a_positive_1 ... 
++++++++++++++++++++++++++++++++++++++++++++++++
Computing Gini coefficients ... 
Gini Index (sgRNAs): 0.337
Gini Index (genes): 0.272
Plotting Lorenz curves ...
Generating boxplots...
Generating histograms...
Writing distribution file ... 
------------------------------------------------
Script completed.
Time elapsed [secs]: 2.192

Processing sample Control_1 ... 
++++++++++++++++++++++++++++++++++++++++++++++++
Computing Gini coefficients ... 
Gini Index (sgRNAs): 0.277
Gini Index (genes): 0.227
Plotting Lorenz curves ...
Generating boxplots...
Generating histograms...
Writing distribution file ... 
------------------------------------------------
Script completed.
Time elapsed [secs]: 2.196

Processing sample CD107a_positive_2 ... 
++++++++++++++++++++++++++++++++++++++++++++++++
Computing Gini coefficients ... 
Gini Index (sgRNAs): 0.273
Gini Index (genes): 0.235
Plotting Lorenz curves ...
Generating boxplots...
Generating histograms...
Writing distribution file ... 
------------------------------------------------
Script completed.
Time elapsed [secs]: 2.224

Processing sample Control_2 ... 
++++++++++++++++++++++++++++++++++++++++++++++++
Computing Gini coefficients ... 
Gini Index (sgRNAs): 0.25
Gini Index (genes): 0.216
Plotting Lorenz curves ...
Generating boxplots...
Generating histograms...
Writing distribution file ... 
------------------------------------------------
Script completed.
Time elapsed [secs]: 2.265

Processing sample CD107a_positive_3 ... 
++++++++++++++++++++++++++++++++++++++++++++++++
Computing Gini coefficients ... 
Gini Index (sgRNAs): 0.398
Gini Index (genes): 0.304
Plotting Lorenz curves ...
Generating boxplots...
Generating histograms...
Writing distribution file ... 
------------------------------------------------
Script completed.
Time elapsed [secs]: 2.208

Processing sample Control_3 ... 
++++++++++++++++++++++++++++++++++++++++++++++++
Computing Gini coefficients ... 
Gini Index (sgRNAs): 0.352
Gini Index (genes): 0.292
Plotting Lorenz curves ...
Generating boxplots...
Generating histograms...
Writing distribution file ... 
------------------------------------------------
Script completed.
Time elapsed [secs]: 2.182

Processing sample CD107a_positive_4 ... 
++++++++++++++++++++++++++++++++++++++++++++++++
Computing Gini coefficients ... 
Gini Index (sgRNAs): 0.252
Gini Index (genes): 0.193
Plotting Lorenz curves ...
Generating boxplots...
Generating histograms...
Writing distribution file ... 
------------------------------------------------
Script completed.
Time elapsed [secs]: 2.240

Processing sample Control_4 ... 
++++++++++++++++++++++++++++++++++++++++++++++++
Computing Gini coefficients ... 
Gini Index (sgRNAs): 0.309
Gini Index (genes): 0.237
Plotting Lorenz curves ...
Generating boxplots...
Generating histograms...
Writing distribution file ... 
------------------------------------------------
Script completed.
Time elapsed [secs]: 2.225

Processing sample CD107a_positive_5 ... 
++++++++++++++++++++++++++++++++++++++++++++++++
Computing Gini coefficients ... 
Gini Index (sgRNAs): 0.29
Gini Index (genes): 0.242
Plotting Lorenz curves ...
Generating boxplots...
Generating histograms...
Writing distribution file ... 
------------------------------------------------
Script completed.
Time elapsed [secs]: 2.203

Processing sample Control_5 ... 
++++++++++++++++++++++++++++++++++++++++++++++++
Computing Gini coefficients ... 
Gini Index (sgRNAs): 0.262
Gini Index (genes): 0.218
Plotting Lorenz curves ...
Generating boxplots...
Generating histograms...
Writing distribution file ... 
------------------------------------------------
Script completed.
Time elapsed [secs]: 2.183

Processing sample Control_avg ... 
++++++++++++++++++++++++++++++++++++++++++++++++
Computing Gini coefficients ... 
Gini Index (sgRNAs): 0.257
Gini Index (genes): 0.224
Plotting Lorenz curves ...
Generating boxplots...
Generating histograms...
Writing distribution file ... 
------------------------------------------------
Script completed.
Time elapsed [secs]: 2.231

Processing sample CD107a_positive_avg ... 
++++++++++++++++++++++++++++++++++++++++++++++++
Computing Gini coefficients ... 
Gini Index (sgRNAs): 0.288
Gini Index (genes): 0.279
Plotting Lorenz curves ...
Generating boxplots...
Generating histograms...
Writing distribution file ... 
------------------------------------------------
Script completed.
Time elapsed [secs]: 2.203

Read count distribution analysis completed.




**************************************************
Analyzing control samples ...
**************************************************
++++++++++++++++++++++++++++++++++++++++++++++++
Reading sgRNA counts ...
Estimating mean and variance ...
Overdispersion detected at p=2.73488709105e-31. Choosing negative binomial model ...
Computing distribution parameters ...
Writing dataframe ...
Generating dispersion plot ...
Generating log regression plot ...
------------------------------------------------
Script completed.
Time elapsed (Total) [secs]: 0.672

Control sample analysis completed.




**************************************************
sgRNA enrichment analysis ...
**************************************************
Processing sample CD107a_positive_1 ... 
++++++++++++++++++++++++++++++++++++++++++++++++
Loading sgRNA read counts ...
Computing fold-changes ...
Computing p-values (Neg. Binomial model) ...
Multiple tests correction ...
Plotting p-value histogram ...
Writing results dataframe ...
Converting to xlsx ...
------------------------------------------------
Script completed.
Time elapsed [secs]: 0.697

Processing sample CD107a_positive_2 ... 
++++++++++++++++++++++++++++++++++++++++++++++++
Loading sgRNA read counts ...
Computing fold-changes ...
Computing p-values (Neg. Binomial model) ...
Multiple tests correction ...
Plotting p-value histogram ...
Writing results dataframe ...
Converting to xlsx ...
------------------------------------------------
Script completed.
Time elapsed [secs]: 0.703

Processing sample CD107a_positive_3 ... 
++++++++++++++++++++++++++++++++++++++++++++++++
Loading sgRNA read counts ...
Computing fold-changes ...
Computing p-values (Neg. Binomial model) ...
Multiple tests correction ...
Plotting p-value histogram ...
Writing results dataframe ...
Converting to xlsx ...
------------------------------------------------
Script completed.
Time elapsed [secs]: 0.699

Processing sample CD107a_positive_4 ... 
++++++++++++++++++++++++++++++++++++++++++++++++
Loading sgRNA read counts ...
Computing fold-changes ...
Computing p-values (Neg. Binomial model) ...
Multiple tests correction ...
Plotting p-value histogram ...
Writing results dataframe ...
Converting to xlsx ...
------------------------------------------------
Script completed.
Time elapsed [secs]: 0.711

Processing sample CD107a_positive_5 ... 
++++++++++++++++++++++++++++++++++++++++++++++++
Loading sgRNA read counts ...
Computing fold-changes ...
Computing p-values (Neg. Binomial model) ...
Multiple tests correction ...
Plotting p-value histogram ...
Writing results dataframe ...
Converting to xlsx ...
------------------------------------------------
Script completed.
Time elapsed [secs]: 0.693

Processing sample CD107a_positive_avg ... 
++++++++++++++++++++++++++++++++++++++++++++++++
Loading sgRNA read counts ...
Computing fold-changes ...
Computing p-values (Neg. Binomial model) ...
Multiple tests correction ...
Plotting p-value histogram ...
Writing results dataframe ...
Converting to xlsx ...
------------------------------------------------
Script completed.
Time elapsed [secs]: 0.713

sgRNA enrichment analysis completed.




**************************************************
Plotting sgRNA read counts ...
**************************************************
Processing sample CD107a_positive_1 ... 
++++++++++++++++++++++++++++++++++++++++++++++++
Reading sgRNA read counts ...
Log10 transformation ...
Generating scatterplot ...
------------------------------------------------
Script completed.
Time elapsed (Total) [secs]: 0.433

++++++++++++++++++++++++++++++++++++++++++++++++
Reading sgRNA read counts ...
Computing fold-change z-scores ...
Generating z-score plot ...
------------------------------------------------
Script completed.
Time elapsed (Total) [secs]: 0.383

++++++++++++++++++++++++++++++++++++++++++++++++
Reading sgRNA read counts ...
Log transformation ...
Generating volcano plot ...
------------------------------------------------
Script completed.
Time elapsed (Total) [secs]: 0.394

Processing sample CD107a_positive_2 ... 
++++++++++++++++++++++++++++++++++++++++++++++++
Reading sgRNA read counts ...
Log10 transformation ...
Generating scatterplot ...
------------------------------------------------
Script completed.
Time elapsed (Total) [secs]: 0.434

++++++++++++++++++++++++++++++++++++++++++++++++
Reading sgRNA read counts ...
Computing fold-change z-scores ...
Generating z-score plot ...
------------------------------------------------
Script completed.
Time elapsed (Total) [secs]: 0.384

++++++++++++++++++++++++++++++++++++++++++++++++
Reading sgRNA read counts ...
Log transformation ...
Generating volcano plot ...
------------------------------------------------
Script completed.
Time elapsed (Total) [secs]: 0.370

Processing sample CD107a_positive_3 ... 
++++++++++++++++++++++++++++++++++++++++++++++++
Reading sgRNA read counts ...
Log10 transformation ...
Generating scatterplot ...
------------------------------------------------
Script completed.
Time elapsed (Total) [secs]: 0.481

++++++++++++++++++++++++++++++++++++++++++++++++
Reading sgRNA read counts ...
Computing fold-change z-scores ...
Generating z-score plot ...
------------------------------------------------
Script completed.
Time elapsed (Total) [secs]: 0.416

++++++++++++++++++++++++++++++++++++++++++++++++
Reading sgRNA read counts ...
Log transformation ...
Generating volcano plot ...
------------------------------------------------
Script completed.
Time elapsed (Total) [secs]: 0.403

Processing sample CD107a_positive_4 ... 
++++++++++++++++++++++++++++++++++++++++++++++++
Reading sgRNA read counts ...
Log10 transformation ...
Generating scatterplot ...
------------------------------------------------
Script completed.
Time elapsed (Total) [secs]: 0.431

++++++++++++++++++++++++++++++++++++++++++++++++
Reading sgRNA read counts ...
Computing fold-change z-scores ...
Generating z-score plot ...
------------------------------------------------
Script completed.
Time elapsed (Total) [secs]: 0.383

++++++++++++++++++++++++++++++++++++++++++++++++
Reading sgRNA read counts ...
Log transformation ...
Generating volcano plot ...
------------------------------------------------
Script completed.
Time elapsed (Total) [secs]: 0.400

Processing sample CD107a_positive_5 ... 
++++++++++++++++++++++++++++++++++++++++++++++++
Reading sgRNA read counts ...
Log10 transformation ...
Generating scatterplot ...
------------------------------------------------
Script completed.
Time elapsed (Total) [secs]: 0.440

++++++++++++++++++++++++++++++++++++++++++++++++
Reading sgRNA read counts ...
Computing fold-change z-scores ...
Generating z-score plot ...
------------------------------------------------
Script completed.
Time elapsed (Total) [secs]: 0.385

++++++++++++++++++++++++++++++++++++++++++++++++
Reading sgRNA read counts ...
Log transformation ...
Generating volcano plot ...
------------------------------------------------
Script completed.
Time elapsed (Total) [secs]: 0.382

Processing sample CD107a_positive_avg ... 
++++++++++++++++++++++++++++++++++++++++++++++++
Reading sgRNA read counts ...
Log10 transformation ...
Generating scatterplot ...
------------------------------------------------
Script completed.
Time elapsed (Total) [secs]: 0.436

++++++++++++++++++++++++++++++++++++++++++++++++
Reading sgRNA read counts ...
Computing fold-change z-scores ...
Generating z-score plot ...
------------------------------------------------
Script completed.
Time elapsed (Total) [secs]: 0.383

++++++++++++++++++++++++++++++++++++++++++++++++
Reading sgRNA read counts ...
Log transformation ...
Generating volcano plot ...
------------------------------------------------
Script completed.
Time elapsed (Total) [secs]: 0.402

Read count scatterplots completed.




**************************************************
Plotting sgRNA read counts densities ...
**************************************************
Processing sample CD107a_positive_1 ... 
++++++++++++++++++++++++++++++++++++++++++++++++
Reading sgRNA read counts ...
Log10 transformation ...
Generating density plot ...
------------------------------------------------
Script completed.
Time elapsed (Total) [secs]: 1.139

Processing sample CD107a_positive_2 ... 
++++++++++++++++++++++++++++++++++++++++++++++++
Reading sgRNA read counts ...
Log10 transformation ...
Generating density plot ...
------------------------------------------------
Script completed.
Time elapsed (Total) [secs]: 1.135

Processing sample CD107a_positive_3 ... 
++++++++++++++++++++++++++++++++++++++++++++++++
Reading sgRNA read counts ...
Log10 transformation ...
Generating density plot ...
------------------------------------------------
Script completed.
Time elapsed (Total) [secs]: 1.148

Processing sample CD107a_positive_4 ... 
++++++++++++++++++++++++++++++++++++++++++++++++
Reading sgRNA read counts ...
Log10 transformation ...
Generating density plot ...
------------------------------------------------
Script completed.
Time elapsed (Total) [secs]: 1.203

Processing sample CD107a_positive_5 ... 
++++++++++++++++++++++++++++++++++++++++++++++++
Reading sgRNA read counts ...
Log10 transformation ...
Generating density plot ...
------------------------------------------------
Script completed.
Time elapsed (Total) [secs]: 1.155

Processing sample CD107a_positive_avg ... 
++++++++++++++++++++++++++++++++++++++++++++++++
Reading sgRNA read counts ...
Log10 transformation ...
Generating density plot ...
------------------------------------------------
Script completed.
Time elapsed (Total) [secs]: 1.128

Density plots completed.




**************************************************
Analyzing replicate correlation ...
**************************************************
Processing sample Control ... 
++++++++++++++++++++++++++++++++++++++++++++++++
Sample 1: Control_1 | Sample 2: Control_2
Reading sgRNA counts ...
Log10 transformation ...
Computing correlation ...
Generating scatterplot ...
------------------------------------------------
Script completed.
Time elapsed (Total) [secs]: 0.427

++++++++++++++++++++++++++++++++++++++++++++++++
Sample 1: Control_1 | Sample 2: Control_3
Reading sgRNA counts ...
Log10 transformation ...
Computing correlation ...
Generating scatterplot ...
------------------------------------------------
Script completed.
Time elapsed (Total) [secs]: 0.429

++++++++++++++++++++++++++++++++++++++++++++++++
Sample 1: Control_1 | Sample 2: Control_4
Reading sgRNA counts ...
Log10 transformation ...
Computing correlation ...
Generating scatterplot ...
------------------------------------------------
Script completed.
Time elapsed (Total) [secs]: 0.423

++++++++++++++++++++++++++++++++++++++++++++++++
Sample 1: Control_1 | Sample 2: Control_5
Reading sgRNA counts ...
Log10 transformation ...
Computing correlation ...
Generating scatterplot ...
------------------------------------------------
Script completed.
Time elapsed (Total) [secs]: 0.437

++++++++++++++++++++++++++++++++++++++++++++++++
Sample 1: Control_2 | Sample 2: Control_3
Reading sgRNA counts ...
Log10 transformation ...
Computing correlation ...
Generating scatterplot ...
------------------------------------------------
Script completed.
Time elapsed (Total) [secs]: 0.428

++++++++++++++++++++++++++++++++++++++++++++++++
Sample 1: Control_2 | Sample 2: Control_4
Reading sgRNA counts ...
Log10 transformation ...
Computing correlation ...
Generating scatterplot ...
------------------------------------------------
Script completed.
Time elapsed (Total) [secs]: 0.425

++++++++++++++++++++++++++++++++++++++++++++++++
Sample 1: Control_2 | Sample 2: Control_5
Reading sgRNA counts ...
Log10 transformation ...
Computing correlation ...
Generating scatterplot ...
------------------------------------------------
Script completed.
Time elapsed (Total) [secs]: 0.426

++++++++++++++++++++++++++++++++++++++++++++++++
Sample 1: Control_3 | Sample 2: Control_4
Reading sgRNA counts ...
Log10 transformation ...
Computing correlation ...
Generating scatterplot ...
------------------------------------------------
Script completed.
Time elapsed (Total) [secs]: 0.427

++++++++++++++++++++++++++++++++++++++++++++++++
Sample 1: Control_3 | Sample 2: Control_5
Reading sgRNA counts ...
Log10 transformation ...
Computing correlation ...
Generating scatterplot ...
------------------------------------------------
Script completed.
Time elapsed (Total) [secs]: 0.432

++++++++++++++++++++++++++++++++++++++++++++++++
Sample 1: Control_4 | Sample 2: Control_5
Reading sgRNA counts ...
Log10 transformation ...
Computing correlation ...
Generating scatterplot ...
------------------------------------------------
Script completed.
Time elapsed (Total) [secs]: 0.429

Processing sample CD107a_positive ... 
++++++++++++++++++++++++++++++++++++++++++++++++
Sample 1: CD107a_positive_1 | Sample 2: CD107a_positive_2
Reading sgRNA counts ...
Log10 transformation ...
Computing correlation ...
Generating scatterplot ...
------------------------------------------------
Script completed.
Time elapsed (Total) [secs]: 0.430

++++++++++++++++++++++++++++++++++++++++++++++++
Sample 1: CD107a_positive_1 | Sample 2: CD107a_positive_3
Reading sgRNA counts ...
Log10 transformation ...
Computing correlation ...
Generating scatterplot ...
------------------------------------------------
Script completed.
Time elapsed (Total) [secs]: 0.428

++++++++++++++++++++++++++++++++++++++++++++++++
Sample 1: CD107a_positive_1 | Sample 2: CD107a_positive_4
Reading sgRNA counts ...
Log10 transformation ...
Computing correlation ...
Generating scatterplot ...
------------------------------------------------
Script completed.
Time elapsed (Total) [secs]: 0.429

++++++++++++++++++++++++++++++++++++++++++++++++
Sample 1: CD107a_positive_1 | Sample 2: CD107a_positive_5
Reading sgRNA counts ...
Log10 transformation ...
Computing correlation ...
Generating scatterplot ...
------------------------------------------------
Script completed.
Time elapsed (Total) [secs]: 0.433

++++++++++++++++++++++++++++++++++++++++++++++++
Sample 1: CD107a_positive_2 | Sample 2: CD107a_positive_3
Reading sgRNA counts ...
Log10 transformation ...
Computing correlation ...
Generating scatterplot ...
------------------------------------------------
Script completed.
Time elapsed (Total) [secs]: 0.428

++++++++++++++++++++++++++++++++++++++++++++++++
Sample 1: CD107a_positive_2 | Sample 2: CD107a_positive_4
Reading sgRNA counts ...
Log10 transformation ...
Computing correlation ...
Generating scatterplot ...
------------------------------------------------
Script completed.
Time elapsed (Total) [secs]: 0.425

++++++++++++++++++++++++++++++++++++++++++++++++
Sample 1: CD107a_positive_2 | Sample 2: CD107a_positive_5
Reading sgRNA counts ...
Log10 transformation ...
Computing correlation ...
Generating scatterplot ...
------------------------------------------------
Script completed.
Time elapsed (Total) [secs]: 0.424

++++++++++++++++++++++++++++++++++++++++++++++++
Sample 1: CD107a_positive_3 | Sample 2: CD107a_positive_4
Reading sgRNA counts ...
Log10 transformation ...
Computing correlation ...
Generating scatterplot ...
------------------------------------------------
Script completed.
Time elapsed (Total) [secs]: 0.421

++++++++++++++++++++++++++++++++++++++++++++++++
Sample 1: CD107a_positive_3 | Sample 2: CD107a_positive_5
Reading sgRNA counts ...
Log10 transformation ...
Computing correlation ...
Generating scatterplot ...
------------------------------------------------
Script completed.
Time elapsed (Total) [secs]: 0.426

++++++++++++++++++++++++++++++++++++++++++++++++
Sample 1: CD107a_positive_4 | Sample 2: CD107a_positive_5
Reading sgRNA counts ...
Log10 transformation ...
Computing correlation ...
Generating scatterplot ...
------------------------------------------------
Script completed.
Time elapsed (Total) [secs]: 0.421

Replicate correlation analysis completed.




**************************************************
Analyzing sample clusters ...
**************************************************
++++++++++++++++++++++++++++++++++++++++++++++++
Loading read counts ...
Computing variance ...
Extracting top 25 most variable sgRNAs ...
Writing dataframe ...
Plotting heatmap ...
--------------------------------------------
KernSmooth 2.23 loaded
Copyright M. P. Wand 1997-2009

Attaching package: 'gplots'

The following object is masked from 'package:stats':

    lowess

--------------------------------------------
------------------------------------------------
Script completed.
Time elapsed (Total) [secs]: 0.581

Clustering analysis completed.




**************************************************
Gene ranking ...
**************************************************
Processing sample CD107a_positive_1 ... 
++++++++++++++++++++++++++++++++++++++++++++++++
Loading sgRNA enrichment table ...
Looking for sgRNAs with significant fold change ...
Estimating STARS null distribution (10 permutations)...
0
Analyzing ...
1
Analyzing ...
2
Analyzing ...
3
Analyzing ...
4
Analyzing ...
5
Analyzing ...
6
Analyzing ...
7
Analyzing ...
8
Analyzing ...
9
Analyzing ...
Computing STARS scores ...
Analyzing ...
Plotting gene metric p-value distribution...
Writing results dataframe ...
Converting to xlsx ...
------------------------------------------------
Script completed.
Time elapsed [secs]: 2.732

Processing sample CD107a_positive_2 ... 
++++++++++++++++++++++++++++++++++++++++++++++++
Loading sgRNA enrichment table ...
Looking for sgRNAs with significant fold change ...
Estimating STARS null distribution (10 permutations)...
0
Analyzing ...
1
Analyzing ...
2
Analyzing ...
3
Analyzing ...
4
Analyzing ...
5
Analyzing ...
6
Analyzing ...
7
Analyzing ...
8
Analyzing ...
9
Analyzing ...
Computing STARS scores ...
Analyzing ...
Plotting gene metric p-value distribution...
Writing results dataframe ...
Converting to xlsx ...
------------------------------------------------
Script completed.
Time elapsed [secs]: 2.798

Processing sample CD107a_positive_3 ... 
++++++++++++++++++++++++++++++++++++++++++++++++
Loading sgRNA enrichment table ...
Looking for sgRNAs with significant fold change ...
Estimating STARS null distribution (10 permutations)...
0
Analyzing ...
1
Analyzing ...
2
Analyzing ...
3
Analyzing ...
4
Analyzing ...
5
Analyzing ...
6
Analyzing ...
7
Analyzing ...
8
Analyzing ...
9
Analyzing ...
Computing STARS scores ...
Analyzing ...
Plotting gene metric p-value distribution...
Writing results dataframe ...
Converting to xlsx ...
------------------------------------------------
Script completed.
Time elapsed [secs]: 2.786

Processing sample CD107a_positive_4 ... 
++++++++++++++++++++++++++++++++++++++++++++++++
Loading sgRNA enrichment table ...
Looking for sgRNAs with significant fold change ...
Estimating STARS null distribution (10 permutations)...
0
Analyzing ...
1
Analyzing ...
2
Analyzing ...
3
Analyzing ...
4
Analyzing ...
5
Analyzing ...
6
Analyzing ...
7
Analyzing ...
8
Analyzing ...
9
Analyzing ...
Computing STARS scores ...
Analyzing ...
Plotting gene metric p-value distribution...
Writing results dataframe ...
Converting to xlsx ...
------------------------------------------------
Script completed.
Time elapsed [secs]: 2.766

Processing sample CD107a_positive_5 ... 
++++++++++++++++++++++++++++++++++++++++++++++++
Loading sgRNA enrichment table ...
Looking for sgRNAs with significant fold change ...
Estimating STARS null distribution (10 permutations)...
0
Analyzing ...
1
Analyzing ...
2
Analyzing ...
3
Analyzing ...
4
Analyzing ...
5
Analyzing ...
6
Analyzing ...
7
Analyzing ...
8
Analyzing ...
9
Analyzing ...
Computing STARS scores ...
Analyzing ...
Plotting gene metric p-value distribution...
Writing results dataframe ...
Converting to xlsx ...
------------------------------------------------
Script completed.
Time elapsed [secs]: 2.812

Processing sample CD107a_positive_avg ... 
++++++++++++++++++++++++++++++++++++++++++++++++
Loading sgRNA enrichment table ...
Looking for sgRNAs with significant fold change ...
Estimating STARS null distribution (10 permutations)...
0
Analyzing ...
1
Analyzing ...
2
Analyzing ...
3
Analyzing ...
4
Analyzing ...
5
Analyzing ...
6
Analyzing ...
7
Analyzing ...
8
Analyzing ...
9
Analyzing ...
Computing STARS scores ...
Analyzing ...
Plotting gene metric p-value distribution...
Writing results dataframe ...
Converting to xlsx ...
------------------------------------------------
Script completed.
Time elapsed [secs]: 2.768

Gene ranking completed.




**************************************************
Plotting gene ranks ...
**************************************************
Processing sample CD107a_positive_1 ... 
++++++++++++++++++++++++++++++++++++++++++++++++
Reading gene ranking data....
Plotting STARS scores ...
------------------------------------------------
Script completed.
Time elapsed (Total) [secs]: 0.386

Processing sample CD107a_positive_2 ... 
++++++++++++++++++++++++++++++++++++++++++++++++
Reading gene ranking data....
Plotting STARS scores ...
------------------------------------------------
Script completed.
Time elapsed (Total) [secs]: 0.399

Processing sample CD107a_positive_3 ... 
++++++++++++++++++++++++++++++++++++++++++++++++
Reading gene ranking data....
Plotting STARS scores ...
------------------------------------------------
Script completed.
Time elapsed (Total) [secs]: 0.391

Processing sample CD107a_positive_4 ... 
++++++++++++++++++++++++++++++++++++++++++++++++
Reading gene ranking data....
Plotting STARS scores ...
------------------------------------------------
Script completed.
Time elapsed (Total) [secs]: 0.386

Processing sample CD107a_positive_5 ... 
++++++++++++++++++++++++++++++++++++++++++++++++
Reading gene ranking data....
Plotting STARS scores ...
------------------------------------------------
Script completed.
Time elapsed (Total) [secs]: 0.380

Processing sample CD107a_positive_avg ... 
++++++++++++++++++++++++++++++++++++++++++++++++
Reading gene ranking data....
Plotting STARS scores ...
------------------------------------------------
Script completed.
Time elapsed (Total) [secs]: 0.384

Gene rank scatterplots completed.




**************************************************
Extracting top 10 ranked genes ...
**************************************************
Processing sample CD107a_positive_1 ... 
-------------------------------------------------------------------------------------
CD107a_positive_1: Gene Ranking Results
-------------------------------------------------------------------------------------
       gene     STARS   p_value significant  # sgRNAs  # signif. sgRNAs
0     P2RY1  1.983242  0.045802        True         5                 0
1      CLNK  1.906798  0.061069        True         5                 0
2     DUSP4  1.749480  0.091603        True         5                 0
3  SERPINE1  1.668889  0.106870        True         5                 1
4   SLC29A1  1.531215  0.129771        True         5                 1


Processing sample CD107a_positive_2 ... 
-------------------------------------------------------------------------------------
CD107a_positive_2: Gene Ranking Results
-------------------------------------------------------------------------------------
    gene     STARS   p_value significant  # sgRNAs  # signif. sgRNAs
0  NTRK1  3.059099  0.023256        True         5                 0
1   SHC4  2.239752  0.038760        True         5                 0
2   SNX9  2.234315  0.046512        True         5                 0
3   PTMS  1.701879  0.131783        True         5                 0
4  AKAP5  1.442072  0.201550        True         5                 0


Processing sample CD107a_positive_3 ... 
-------------------------------------------------------------------------------------
CD107a_positive_3: Gene Ranking Results
-------------------------------------------------------------------------------------
         gene     STARS   p_value significant  # sgRNAs  # signif. sgRNAs
0       MYO1E  2.335705  0.015504        True         5                 2
1  Intergenic  1.532055  0.116279        True        20                 2
2      MS4A6A  1.509917  0.131783        True         5                 2
3      PHLDA1  1.290730  0.193798        True         5                 1


Processing sample CD107a_positive_4 ... 
-------------------------------------------------------------------------------------
CD107a_positive_4: Gene Ranking Results
-------------------------------------------------------------------------------------
     gene     STARS   p_value significant  # sgRNAs  # signif. sgRNAs
0  ENTPD1  2.149250  0.065574        True         5                 1
1    OAS1  1.321422  0.188525        True         5                 1


Processing sample CD107a_positive_5 ... 
-------------------------------------------------------------------------------------
CD107a_positive_5: Gene Ranking Results
-------------------------------------------------------------------------------------
    gene     STARS   p_value significant  # sgRNAs  # signif. sgRNAs
0   SHC4  1.944516  0.062016        True         5                 0
1  FAM3C  1.799380  0.093023        True         5                 0
2   SNX9  1.585016  0.139535        True         5                 0
3  SPRY1  1.323782  0.193798        True         5                 0


Processing sample CD107a_positive_avg ... 
-------------------------------------------------------------------------------------
CD107a_positive_avg: Gene Ranking Results
-------------------------------------------------------------------------------------
       gene     STARS   p_value significant  # sgRNAs  # signif. sgRNAs
0  SERPINE1  2.489100  0.000000        True         5                 0
1      SNX9  1.668889  0.090909        True         5                 0
2     CAMK1  1.353220  0.165289        True         5                 0
3     AKAP5  1.271728  0.206612        True         5                 0
4    PHLDA1  1.261085  0.214876        True         5                 0




**************************************************
PinAPL-Py completed.
Time elapsed [mins]: 15.110

